npm warn ERESOLVE overriding peer dependency
npm warn While resolving: @vitejs/plugin-vue@5.2.4
npm warn Found: vite@undefined
npm warn node_modules/vite
npm warn
npm warn Could not resolve dependency:
npm warn peer vite@"^5.0.0 || ^6.0.0" from @vitejs/plugin-vue@5.2.4
npm warn node_modules/@vitejs/plugin-vue
npm warn   @vitejs/plugin-vue@"^5.2.1" from vitepress@1.6.4
npm warn   node_modules/vitepress
npm error code EACCES
npm error syscall open
npm error path /Users/romanrr/.npm/_cacache/index-v5/95/75/687939821827baf89453eb86559a27c09f58aeb98ea6455ac1964224bc85
npm error errno EACCES
npm error
npm error Your cache folder contains root-owned files, due to a bug in
npm error previous versions of npm which has since been addressed.
npm error
npm error To permanently fix this problem, please run:
npm error   sudo chown -R 501:20 "/Users/romanrr/.npm"
npm error A complete log of this run can be found in: /Users/romanrr/.npm/_logs/2025-08-20T21_53_52_916Z-debug-0.log
